TN:
SF:src/index.ts
FN:8,(anonymous_0)
FN:10,(anonymous_1)
FN:30,(anonymous_2)
FN:32,(anonymous_3)
FN:39,(anonymous_4)
FN:41,(anonymous_5)
FN:49,(anonymous_6)
FN:51,(anonymous_7)
FN:59,(anonymous_8)
FN:61,(anonymous_9)
FN:69,(anonymous_10)
FN:71,(anonymous_11)
FN:79,(anonymous_12)
FN:81,(anonymous_13)
FN:89,(anonymous_14)
FN:94,(anonymous_15)
FN:99,(anonymous_16)
FN:104,(anonymous_17)
FN:109,(anonymous_18)
FN:114,(anonymous_19)
FN:120,(anonymous_20)
FN:124,(anonymous_21)
FN:130,(anonymous_22)
FN:137,(anonymous_23)
FN:146,(anonymous_24)
FNF:25
FNH:1
FNDA:1,(anonymous_0)
FNDA:0,(anonymous_1)
FNDA:0,(anonymous_2)
FNDA:0,(anonymous_3)
FNDA:0,(anonymous_4)
FNDA:0,(anonymous_5)
FNDA:0,(anonymous_6)
FNDA:0,(anonymous_7)
FNDA:0,(anonymous_8)
FNDA:0,(anonymous_9)
FNDA:0,(anonymous_10)
FNDA:0,(anonymous_11)
FNDA:0,(anonymous_12)
FNDA:0,(anonymous_13)
FNDA:0,(anonymous_14)
FNDA:0,(anonymous_15)
FNDA:0,(anonymous_16)
FNDA:0,(anonymous_17)
FNDA:0,(anonymous_18)
FNDA:0,(anonymous_19)
FNDA:0,(anonymous_20)
FNDA:0,(anonymous_21)
FNDA:0,(anonymous_22)
FNDA:0,(anonymous_23)
FNDA:0,(anonymous_24)
DA:1,1
DA:3,1
DA:5,1
DA:7,1
DA:8,1
DA:11,0
DA:30,0
DA:33,0
DA:34,0
DA:39,0
DA:42,0
DA:44,0
DA:49,0
DA:52,0
DA:54,0
DA:59,0
DA:62,0
DA:64,0
DA:69,0
DA:72,0
DA:74,0
DA:79,0
DA:82,0
DA:84,0
DA:89,0
DA:90,0
DA:91,0
DA:95,0
DA:96,0
DA:100,0
DA:101,0
DA:105,0
DA:106,0
DA:110,0
DA:111,0
DA:115,0
DA:120,0
DA:121,0
DA:125,0
DA:127,0
DA:131,0
DA:137,0
DA:138,0
DA:139,0
DA:147,0
LF:45
LH:5
BRDA:90,0,0,0
BRDA:90,0,1,0
BRDA:91,1,0,0
BRDA:91,1,1,0
BRF:4
BRH:0
end_of_record
